<?xml version="1.0" encoding="UTF-8"?>
<!-- Generated by org.testng.reporters.JUnitReportReporter -->
<testsuite skipped="0" hostname="Shubham" name="com.inetbanking.testCases.TC_LoginTest_001" tests="1" failures="0" timestamp="18 Nov 2021 12:52:46 GMT" time="5.648" errors="0">
  <testcase name="loginTest" time="5.648" classname="com.inetbanking.testCases.TC_LoginTest_001"/>
</testsuite> <!-- com.inetbanking.testCases.TC_LoginTest_001 -->
