<?xml version="1.0" encoding="UTF-8"?>
<!-- Generated by org.testng.reporters.JUnitReportReporter -->
<testsuite skipped="0" hostname="Shubham" name="com.inetbanking.testCases.TC_LoginTest_001" tests="1" failures="0" timestamp="27 Nov 2021 11:38:22 GMT" time="6.973" errors="0">
  <testcase name="loginTest" time="6.973" classname="com.inetbanking.testCases.TC_LoginTest_001"/>
</testsuite> <!-- com.inetbanking.testCases.TC_LoginTest_001 -->
