<?xml version="1.0" encoding="UTF-8"?>
<!-- Generated by org.testng.reporters.JUnitReportReporter -->
<testsuite skipped="0" hostname="Shubham" name="com.inetbanking.testCases.TC_AddCustomerTest_003" tests="1" failures="0" timestamp="27 Nov 2021 11:38:22 GMT" time="48.466" errors="0">
  <testcase name="addNewCustomer" time="48.466" classname="com.inetbanking.testCases.TC_AddCustomerTest_003"/>
</testsuite> <!-- com.inetbanking.testCases.TC_AddCustomerTest_003 -->
